#
# There is insufficient memory for the Java Runtime Environment to continue.
# Native memory allocation (malloc) failed to allocate 1253968 bytes for Chunk::new
# Possible reasons:
#   The system is out of physical RAM or swap space
#   The process is running with CompressedOops enabled, and the Java Heap may be blocking the growth of the native heap
# Possible solutions:
#   Reduce memory load on the system
#   Increase physical memory or swap space
#   Check if swap backing store is full
#   Decrease Java heap size (-Xmx/-Xms)
#   Decrease number of Java threads
#   Decrease Java thread stack sizes (-Xss)
#   Set larger code cache with -XX:ReservedCodeCacheSize=
#   JVM is running with Unscaled Compressed Oops mode in which the Java heap is
#     placed in the first 4GB address space. The Java Heap base address is the
#     maximum limit for the native heap growth. Please use -XX:HeapBaseMinAddress
#     to set the Java Heap base and to place the Java Heap above 4GB virtual address.
# This output file may be truncated or incomplete.
#
#  Out of Memory Error (./open/src/hotspot/share/memory/arena.cpp:195), pid=5132, tid=8088
#
# JRE version: OpenJDK Runtime Environment (15.0.1+9) (build 15.0.1+9-18)
# Java VM: OpenJDK 64-Bit Server VM (15.0.1+9-18, mixed mode, sharing, tiered, compressed oops, g1 gc, windows-amd64)
# No core dump will be written. Minidumps are not enabled by default on client versions of Windows
#

---------------  S U M M A R Y ------------

Command Line: -Dmaven.multiModuleProjectDirectory=C:\Users\BM Hasanuzzaman\Documents\GitHub\intern-11-2020-spring-angular-problem\spring-boot-rest-api -Dmaven.home=C:\Users\BM Hasanuzzaman\AppData\Local\JetBrains\Toolbox\apps\IDEA-U\ch-0\203.6682.168\plugins\maven\lib\maven3 -Dclassworlds.conf=C:\Users\BM Hasanuzzaman\AppData\Local\JetBrains\Toolbox\apps\IDEA-U\ch-0\203.6682.168\plugins\maven\lib\maven3\bin\m2.conf -Dmaven.ext.class.path=C:\Users\BM Hasanuzzaman\AppData\Local\JetBrains\Toolbox\apps\IDEA-U\ch-0\203.6682.168\plugins\maven\lib\maven-event-listener.jar -javaagent:C:\Users\BM Hasanuzzaman\AppData\Local\JetBrains\Toolbox\apps\IDEA-U\ch-0\203.6682.168\lib\idea_rt.jar=64445:C:\Users\BM Hasanuzzaman\AppData\Local\JetBrains\Toolbox\apps\IDEA-U\ch-0\203.6682.168\bin -Dfile.encoding=UTF-8 org.codehaus.classworlds.Launcher -Didea.version=2020.3.1 spring-boot:run

Host: Intel(R) Core(TM) i5-7400 CPU @ 3.00GHz, 4 cores, 7G,  Windows 10 , 64 bit Build 19041 (10.0.19041.662)
Time: Wed Jan 13 04:27:51 2021 Bangladesh Standard Time elapsed time: 4.146526 seconds (0d 0h 0m 4s)

---------------  T H R E A D  ---------------

Current thread (0x0000014df5fab5b0):  JavaThread "C2 CompilerThread0" daemon [_thread_in_native, id=8088, stack(0x0000002970500000,0x0000002970600000)]


Current CompileTask:
C2:   4146 4187       4       org.eclipse.aether.util.graph.transformer.ConflictResolver::gatherConflictItems (111 bytes)

Stack: [0x0000002970500000,0x0000002970600000]
Native frames: (J=compiled Java code, j=interpreted, Vv=VM code, C=native code)
V  [jvm.dll+0x62ae9a]
V  [jvm.dll+0x781389]
V  [jvm.dll+0x782ae3]
V  [jvm.dll+0x783143]
V  [jvm.dll+0x216265]
V  [jvm.dll+0x97efa]
V  [jvm.dll+0x985dc]
V  [jvm.dll+0x32e525]
V  [jvm.dll+0x2f78aa]
V  [jvm.dll+0x2f6c6a]
V  [jvm.dll+0x1ea645]
V  [jvm.dll+0x1e98ae]
V  [jvm.dll+0x1784c7]
V  [jvm.dll+0x1f9165]
V  [jvm.dll+0x1f720c]
V  [jvm.dll+0x74485d]
V  [jvm.dll+0x73d65a]
V  [jvm.dll+0x629c56]
C  [ucrtbase.dll+0x214c2]
C  [KERNEL32.DLL+0x17034]
C  [ntdll.dll+0x4d0d1]


---------------  P R O C E S S  ---------------

Threads class SMR info:
_java_thread_list=0x0000014df79f8cd0, length=13, elements={
0x0000014dd5d7eec0, 0x0000014df5f8b4d0, 0x0000014df5f8c750, 0x0000014df5fa2d80,
0x0000014df5fa5750, 0x0000014df5fa88c0, 0x0000014df5fab5b0, 0x0000014df5faf560,
0x0000014df5fb5a30, 0x0000014df69b5dd0, 0x0000014df6b2dac0, 0x0000014df6a99c80,
0x0000014df74c95d0
}

Java Threads: ( => current thread )
  0x0000014dd5d7eec0 JavaThread "main" [_thread_in_native, id=5212, stack(0x000000296f900000,0x000000296fa00000)]
  0x0000014df5f8b4d0 JavaThread "Reference Handler" daemon [_thread_blocked, id=6960, stack(0x0000002970000000,0x0000002970100000)]
  0x0000014df5f8c750 JavaThread "Finalizer" daemon [_thread_blocked, id=1348, stack(0x0000002970100000,0x0000002970200000)]
  0x0000014df5fa2d80 JavaThread "Signal Dispatcher" daemon [_thread_blocked, id=2552, stack(0x0000002970200000,0x0000002970300000)]
  0x0000014df5fa5750 JavaThread "Attach Listener" daemon [_thread_blocked, id=4244, stack(0x0000002970300000,0x0000002970400000)]
  0x0000014df5fa88c0 JavaThread "Service Thread" daemon [_thread_blocked, id=9760, stack(0x0000002970400000,0x0000002970500000)]
=>0x0000014df5fab5b0 JavaThread "C2 CompilerThread0" daemon [_thread_in_native, id=8088, stack(0x0000002970500000,0x0000002970600000)]
  0x0000014df5faf560 JavaThread "C1 CompilerThread0" daemon [_thread_blocked, id=1744, stack(0x0000002970600000,0x0000002970700000)]
  0x0000014df5fb5a30 JavaThread "Sweeper thread" daemon [_thread_blocked, id=8048, stack(0x0000002970700000,0x0000002970800000)]
  0x0000014df69b5dd0 JavaThread "Common-Cleaner" daemon [_thread_blocked, id=1676, stack(0x0000002970800000,0x0000002970900000)]
  0x0000014df6b2dac0 JavaThread "Monitor Ctrl-Break" daemon [_thread_in_native, id=6692, stack(0x0000002970900000,0x0000002970a00000)]
  0x0000014df6a99c80 JavaThread "Notification Thread" daemon [_thread_blocked, id=6328, stack(0x0000002970a00000,0x0000002970b00000)]
  0x0000014df74c95d0 JavaThread "C2 CompilerThread1" daemon [_thread_in_native, id=10756, stack(0x0000002970f00000,0x0000002971000000)]

Other Threads:
  0x0000014df5f84240 VMThread "VM Thread" [stack: 0x000000296ff00000,0x0000002970000000] [id=1304]
  0x0000014df6a57970 WatcherThread [stack: 0x0000002970b00000,0x0000002970c00000] [id=7104]
  0x0000014dd5dc09c0 GCTaskThread "GC Thread#0" [stack: 0x000000296fa00000,0x000000296fb00000] [id=10728]
  0x0000014df6a2dac0 GCTaskThread "GC Thread#1" [stack: 0x0000002970c00000,0x0000002970d00000] [id=11088]
  0x0000014df6a2e450 GCTaskThread "GC Thread#2" [stack: 0x0000002970d00000,0x0000002970e00000] [id=10196]
  0x0000014dd5dd2930 ConcurrentGCThread "G1 Main Marker" [stack: 0x000000296fb00000,0x000000296fc00000] [id=3960]
  0x0000014dd5dd3430 ConcurrentGCThread "G1 Conc#0" [stack: 0x000000296fc00000,0x000000296fd00000] [id=4224]
  0x0000014dd5e4a700 ConcurrentGCThread "G1 Refine#0" [stack: 0x000000296fd00000,0x000000296fe00000] [id=4496]
  0x0000014df7460870 ConcurrentGCThread "G1 Refine#1" [stack: 0x0000002970e00000,0x0000002970f00000] [id=7344]
  0x0000014dd5e4c220 ConcurrentGCThread "G1 Young RemSet Sampling" [stack: 0x000000296fe00000,0x000000296ff00000] [id=7256]

Threads with active compile tasks:
C2 CompilerThread0     4173 4187       4       org.eclipse.aether.util.graph.transformer.ConflictResolver::gatherConflictItems (111 bytes)
C2 CompilerThread1     4173 4189       4       org.eclipse.aether.util.graph.transformer.ConflictResolver$State::push (447 bytes)

VM state: not at safepoint (normal execution)

VM Mutex/Monitor currently owned by a thread: None

Heap address: 0x0000000080800000, size: 2040 MB, Compressed Oops mode: 32-bit
CDS archive(s) mapped at: [0x0000000800000000-0x0000000800b50000-0x0000000800b50000), size 11862016, SharedBaseAddress: 0x0000000800000000, ArchiveRelocationMode: 0.
Compressed class space mapped at: 0x0000000800b50000-0x0000000840b50000, size: 1073741824
Narrow klass base: 0x0000000800000000, Narrow klass shift: 3, Narrow klass range: 0x100000000

GC Precious Log:
 CPUs: 4 total, 4 available
 Memory: 8155M
 Large Page Support: Disabled
 NUMA Support: Disabled
 Compressed Oops: Enabled (32-bit)
 Heap Region Size: 1M
 Heap Min Capacity: 8M
 Heap Initial Capacity: 128M
 Heap Max Capacity: 2040M
 Pre-touch: Disabled
 Parallel Workers: 4
 Concurrent Workers: 1
 Concurrent Refinement Workers: 4
 Periodic GC: Disabled

Heap:
 garbage-first heap   total 131072K, used 26222K [0x0000000080800000, 0x0000000100000000)
  region size 1024K, 17 young (17408K), 4 survivors (4096K)
 Metaspace       used 16284K, capacity 16871K, committed 17024K, reserved 1064960K
  class space    used 1700K, capacity 1877K, committed 1920K, reserved 1048576K

Heap Regions: E=young(eden), S=young(survivor), O=old, HS=humongous(starts), HC=humongous(continues), CS=collection set, F=free, OA=open archive, CA=closed archive, TAMS=top-at-mark-start (previous, next)
|   0|0x0000000080800000, 0x0000000080900000, 0x0000000080900000|100%| O|  |TAMS 0x0000000080800000, 0x0000000080800000| Untracked 
|   1|0x0000000080900000, 0x0000000080a00000, 0x0000000080a00000|100%| O|  |TAMS 0x0000000080900000, 0x0000000080900000| Untracked 
|   2|0x0000000080a00000, 0x0000000080b00000, 0x0000000080b00000|100%| O|  |TAMS 0x0000000080a00000, 0x0000000080a00000| Untracked 
|   3|0x0000000080b00000, 0x0000000080c00000, 0x0000000080c00000|100%| O|  |TAMS 0x0000000080b00000, 0x0000000080b00000| Untracked 
|   4|0x0000000080c00000, 0x0000000080d00000, 0x0000000080d00000|100%| O|  |TAMS 0x0000000080c00000, 0x0000000080c00000| Untracked 
|   5|0x0000000080d00000, 0x0000000080e00000, 0x0000000080e00000|100%| O|  |TAMS 0x0000000080d00000, 0x0000000080d00000| Untracked 
|   6|0x0000000080e00000, 0x0000000080f00000, 0x0000000080f00000|100%| O|  |TAMS 0x0000000080e00000, 0x0000000080e00000| Untracked 
|   7|0x0000000080f00000, 0x0000000081000000, 0x0000000081000000|100%| O|  |TAMS 0x0000000080f00000, 0x0000000080f00000| Untracked 
|   8|0x0000000081000000, 0x0000000081100000, 0x0000000081100000|100%| O|  |TAMS 0x0000000081000000, 0x0000000081000000| Untracked 
|   9|0x0000000081100000, 0x000000008119b800, 0x0000000081200000| 60%| O|  |TAMS 0x0000000081100000, 0x0000000081100000| Untracked 
|  10|0x0000000081200000, 0x0000000081200000, 0x0000000081300000|  0%| F|  |TAMS 0x0000000081200000, 0x0000000081200000| Untracked 
|  11|0x0000000081300000, 0x0000000081300000, 0x0000000081400000|  0%| F|  |TAMS 0x0000000081300000, 0x0000000081300000| Untracked 
|  12|0x0000000081400000, 0x0000000081400000, 0x0000000081500000|  0%| F|  |TAMS 0x0000000081400000, 0x0000000081400000| Untracked 
|  13|0x0000000081500000, 0x0000000081500000, 0x0000000081600000|  0%| F|  |TAMS 0x0000000081500000, 0x0000000081500000| Untracked 
|  14|0x0000000081600000, 0x0000000081600000, 0x0000000081700000|  0%| F|  |TAMS 0x0000000081600000, 0x0000000081600000| Untracked 
|  15|0x0000000081700000, 0x0000000081700000, 0x0000000081800000|  0%| F|  |TAMS 0x0000000081700000, 0x0000000081700000| Untracked 
|  16|0x0000000081800000, 0x0000000081800000, 0x0000000081900000|  0%| F|  |TAMS 0x0000000081800000, 0x0000000081800000| Untracked 
|  17|0x0000000081900000, 0x0000000081900000, 0x0000000081a00000|  0%| F|  |TAMS 0x0000000081900000, 0x0000000081900000| Untracked 
|  18|0x0000000081a00000, 0x0000000081a00000, 0x0000000081b00000|  0%| F|  |TAMS 0x0000000081a00000, 0x0000000081a00000| Untracked 
|  19|0x0000000081b00000, 0x0000000081b00000, 0x0000000081c00000|  0%| F|  |TAMS 0x0000000081b00000, 0x0000000081b00000| Untracked 
|  20|0x0000000081c00000, 0x0000000081c00000, 0x0000000081d00000|  0%| F|  |TAMS 0x0000000081c00000, 0x0000000081c00000| Untracked 
|  21|0x0000000081d00000, 0x0000000081d00000, 0x0000000081e00000|  0%| F|  |TAMS 0x0000000081d00000, 0x0000000081d00000| Untracked 
|  22|0x0000000081e00000, 0x0000000081e00000, 0x0000000081f00000|  0%| F|  |TAMS 0x0000000081e00000, 0x0000000081e00000| Untracked 
|  23|0x0000000081f00000, 0x0000000081f00000, 0x0000000082000000|  0%| F|  |TAMS 0x0000000081f00000, 0x0000000081f00000| Untracked 
|  24|0x0000000082000000, 0x0000000082000000, 0x0000000082100000|  0%| F|  |TAMS 0x0000000082000000, 0x0000000082000000| Untracked 
|  25|0x0000000082100000, 0x0000000082100000, 0x0000000082200000|  0%| F|  |TAMS 0x0000000082100000, 0x0000000082100000| Untracked 
|  26|0x0000000082200000, 0x0000000082200000, 0x0000000082300000|  0%| F|  |TAMS 0x0000000082200000, 0x0000000082200000| Untracked 
|  27|0x0000000082300000, 0x0000000082300000, 0x0000000082400000|  0%| F|  |TAMS 0x0000000082300000, 0x0000000082300000| Untracked 
|  28|0x0000000082400000, 0x0000000082400000, 0x0000000082500000|  0%| F|  |TAMS 0x0000000082400000, 0x0000000082400000| Untracked 
|  29|0x0000000082500000, 0x0000000082500000, 0x0000000082600000|  0%| F|  |TAMS 0x0000000082500000, 0x0000000082500000| Untracked 
|  30|0x0000000082600000, 0x0000000082600000, 0x0000000082700000|  0%| F|  |TAMS 0x0000000082600000, 0x0000000082600000| Untracked 
|  31|0x0000000082700000, 0x0000000082700000, 0x0000000082800000|  0%| F|  |TAMS 0x0000000082700000, 0x0000000082700000| Untracked 
|  32|0x0000000082800000, 0x0000000082800000, 0x0000000082900000|  0%| F|  |TAMS 0x0000000082800000, 0x0000000082800000| Untracked 
|  33|0x0000000082900000, 0x0000000082900000, 0x0000000082a00000|  0%| F|  |TAMS 0x0000000082900000, 0x0000000082900000| Untracked 
|  34|0x0000000082a00000, 0x0000000082a00000, 0x0000000082b00000|  0%| F|  |TAMS 0x0000000082a00000, 0x0000000082a00000| Untracked 
|  35|0x0000000082b00000, 0x0000000082b00000, 0x0000000082c00000|  0%| F|  |TAMS 0x0000000082b00000, 0x0000000082b00000| Untracked 
|  36|0x0000000082c00000, 0x0000000082c00000, 0x0000000082d00000|  0%| F|  |TAMS 0x0000000082c00000, 0x0000000082c00000| Untracked 
|  37|0x0000000082d00000, 0x0000000082d00000, 0x0000000082e00000|  0%| F|  |TAMS 0x0000000082d00000, 0x0000000082d00000| Untracked 
|  38|0x0000000082e00000, 0x0000000082e00000, 0x0000000082f00000|  0%| F|  |TAMS 0x0000000082e00000, 0x0000000082e00000| Untracked 
|  39|0x0000000082f00000, 0x0000000082f00000, 0x0000000083000000|  0%| F|  |TAMS 0x0000000082f00000, 0x0000000082f00000| Untracked 
|  40|0x0000000083000000, 0x0000000083000000, 0x0000000083100000|  0%| F|  |TAMS 0x0000000083000000, 0x0000000083000000| Untracked 
|  41|0x0000000083100000, 0x0000000083100000, 0x0000000083200000|  0%| F|  |TAMS 0x0000000083100000, 0x0000000083100000| Untracked 
|  42|0x0000000083200000, 0x0000000083200000, 0x0000000083300000|  0%| F|  |TAMS 0x0000000083200000, 0x0000000083200000| Untracked 
|  43|0x0000000083300000, 0x0000000083300000, 0x0000000083400000|  0%| F|  |TAMS 0x0000000083300000, 0x0000000083300000| Untracked 
|  44|0x0000000083400000, 0x0000000083400000, 0x0000000083500000|  0%| F|  |TAMS 0x0000000083400000, 0x0000000083400000| Untracked 
|  45|0x0000000083500000, 0x0000000083500000, 0x0000000083600000|  0%| F|  |TAMS 0x0000000083500000, 0x0000000083500000| Untracked 
|  46|0x0000000083600000, 0x0000000083600000, 0x0000000083700000|  0%| F|  |TAMS 0x0000000083600000, 0x0000000083600000| Untracked 
|  47|0x0000000083700000, 0x0000000083700000, 0x0000000083800000|  0%| F|  |TAMS 0x0000000083700000, 0x0000000083700000| Untracked 
|  48|0x0000000083800000, 0x0000000083800000, 0x0000000083900000|  0%| F|  |TAMS 0x0000000083800000, 0x0000000083800000| Untracked 
|  49|0x0000000083900000, 0x0000000083900000, 0x0000000083a00000|  0%| F|  |TAMS 0x0000000083900000, 0x0000000083900000| Untracked 
|  50|0x0000000083a00000, 0x0000000083a00000, 0x0000000083b00000|  0%| F|  |TAMS 0x0000000083a00000, 0x0000000083a00000| Untracked 
|  51|0x0000000083b00000, 0x0000000083b00000, 0x0000000083c00000|  0%| F|  |TAMS 0x0000000083b00000, 0x0000000083b00000| Untracked 
|  52|0x0000000083c00000, 0x0000000083c00000, 0x0000000083d00000|  0%| F|  |TAMS 0x0000000083c00000, 0x0000000083c00000| Untracked 
|  53|0x0000000083d00000, 0x0000000083d00000, 0x0000000083e00000|  0%| F|  |TAMS 0x0000000083d00000, 0x0000000083d00000| Untracked 
|  54|0x0000000083e00000, 0x0000000083e00000, 0x0000000083f00000|  0%| F|  |TAMS 0x0000000083e00000, 0x0000000083e00000| Untracked 
|  55|0x0000000083f00000, 0x0000000084000000, 0x0000000084000000|100%| S|CS|TAMS 0x0000000083f00000, 0x0000000083f00000| Complete 
|  56|0x0000000084000000, 0x0000000084100000, 0x0000000084100000|100%| S|CS|TAMS 0x0000000084000000, 0x0000000084000000| Complete 
|  57|0x0000000084100000, 0x0000000084200000, 0x0000000084200000|100%| S|CS|TAMS 0x0000000084100000, 0x0000000084100000| Complete 
|  58|0x0000000084200000, 0x0000000084300000, 0x0000000084300000|100%| S|CS|TAMS 0x0000000084200000, 0x0000000084200000| Complete 
|  59|0x0000000084300000, 0x0000000084300000, 0x0000000084400000|  0%| F|  |TAMS 0x0000000084300000, 0x0000000084300000| Untracked 
|  60|0x0000000084400000, 0x0000000084400000, 0x0000000084500000|  0%| F|  |TAMS 0x0000000084400000, 0x0000000084400000| Untracked 
|  61|0x0000000084500000, 0x0000000084500000, 0x0000000084600000|  0%| F|  |TAMS 0x0000000084500000, 0x0000000084500000| Untracked 
|  62|0x0000000084600000, 0x0000000084600000, 0x0000000084700000|  0%| F|  |TAMS 0x0000000084600000, 0x0000000084600000| Untracked 
|  63|0x0000000084700000, 0x0000000084700000, 0x0000000084800000|  0%| F|  |TAMS 0x0000000084700000, 0x0000000084700000| Untracked 
|  64|0x0000000084800000, 0x0000000084800000, 0x0000000084900000|  0%| F|  |TAMS 0x0000000084800000, 0x0000000084800000| Untracked 
|  65|0x0000000084900000, 0x0000000084900000, 0x0000000084a00000|  0%| F|  |TAMS 0x0000000084900000, 0x0000000084900000| Untracked 
|  66|0x0000000084a00000, 0x0000000084a00000, 0x0000000084b00000|  0%| F|  |TAMS 0x0000000084a00000, 0x0000000084a00000| Untracked 
|  67|0x0000000084b00000, 0x0000000084b00000, 0x0000000084c00000|  0%| F|  |TAMS 0x0000000084b00000, 0x0000000084b00000| Untracked 
|  68|0x0000000084c00000, 0x0000000084c00000, 0x0000000084d00000|  0%| F|  |TAMS 0x0000000084c00000, 0x0000000084c00000| Untracked 
|  69|0x0000000084d00000, 0x0000000084d00000, 0x0000000084e00000|  0%| F|  |TAMS 0x0000000084d00000, 0x0000000084d00000| Untracked 
|  70|0x0000000084e00000, 0x0000000084e00000, 0x0000000084f00000|  0%| F|  |TAMS 0x0000000084e00000, 0x0000000084e00000| Untracked 
|  71|0x0000000084f00000, 0x0000000084f00000, 0x0000000085000000|  0%| F|  |TAMS 0x0000000084f00000, 0x0000000084f00000| Untracked 
|  72|0x0000000085000000, 0x0000000085000000, 0x0000000085100000|  0%| F|  |TAMS 0x0000000085000000, 0x0000000085000000| Untracked 
|  73|0x0000000085100000, 0x0000000085100000, 0x0000000085200000|  0%| F|  |TAMS 0x0000000085100000, 0x0000000085100000| Untracked 
|  74|0x0000000085200000, 0x0000000085200000, 0x0000000085300000|  0%| F|  |TAMS 0x0000000085200000, 0x0000000085200000| Untracked 
|  75|0x0000000085300000, 0x0000000085300000, 0x0000000085400000|  0%| F|  |TAMS 0x0000000085300000, 0x0000000085300000| Untracked 
|  76|0x0000000085400000, 0x0000000085400000, 0x0000000085500000|  0%| F|  |TAMS 0x0000000085400000, 0x0000000085400000| Untracked 
|  77|0x0000000085500000, 0x0000000085500000, 0x0000000085600000|  0%| F|  |TAMS 0x0000000085500000, 0x0000000085500000| Untracked 
|  78|0x0000000085600000, 0x0000000085600000, 0x0000000085700000|  0%| F|  |TAMS 0x0000000085600000, 0x0000000085600000| Untracked 
|  79|0x0000000085700000, 0x0000000085700000, 0x0000000085800000|  0%| F|  |TAMS 0x0000000085700000, 0x0000000085700000| Untracked 
|  80|0x0000000085800000, 0x0000000085800000, 0x0000000085900000|  0%| F|  |TAMS 0x0000000085800000, 0x0000000085800000| Untracked 
|  81|0x0000000085900000, 0x0000000085900000, 0x0000000085a00000|  0%| F|  |TAMS 0x0000000085900000, 0x0000000085900000| Untracked 
|  82|0x0000000085a00000, 0x0000000085a00000, 0x0000000085b00000|  0%| F|  |TAMS 0x0000000085a00000, 0x0000000085a00000| Untracked 
|  83|0x0000000085b00000, 0x0000000085b00000, 0x0000000085c00000|  0%| F|  |TAMS 0x0000000085b00000, 0x0000000085b00000| Untracked 
|  84|0x0000000085c00000, 0x0000000085c00000, 0x0000000085d00000|  0%| F|  |TAMS 0x0000000085c00000, 0x0000000085c00000| Untracked 
|  85|0x0000000085d00000, 0x0000000085d00000, 0x0000000085e00000|  0%| F|  |TAMS 0x0000000085d00000, 0x0000000085d00000| Untracked 
|  86|0x0000000085e00000, 0x0000000085e00000, 0x0000000085f00000|  0%| F|  |TAMS 0x0000000085e00000, 0x0000000085e00000| Untracked 
|  87|0x0000000085f00000, 0x0000000085f00000, 0x0000000086000000|  0%| F|  |TAMS 0x0000000085f00000, 0x0000000085f00000| Untracked 
|  88|0x0000000086000000, 0x0000000086000000, 0x0000000086100000|  0%| F|  |TAMS 0x0000000086000000, 0x0000000086000000| Untracked 
|  89|0x0000000086100000, 0x0000000086100000, 0x0000000086200000|  0%| F|  |TAMS 0x0000000086100000, 0x0000000086100000| Untracked 
|  90|0x0000000086200000, 0x0000000086200000, 0x0000000086300000|  0%| F|  |TAMS 0x0000000086200000, 0x0000000086200000| Untracked 
|  91|0x0000000086300000, 0x0000000086300000, 0x0000000086400000|  0%| F|  |TAMS 0x0000000086300000, 0x0000000086300000| Untracked 
|  92|0x0000000086400000, 0x0000000086400000, 0x0000000086500000|  0%| F|  |TAMS 0x0000000086400000, 0x0000000086400000| Untracked 
|  93|0x0000000086500000, 0x0000000086500000, 0x0000000086600000|  0%| F|  |TAMS 0x0000000086500000, 0x0000000086500000| Untracked 
|  94|0x0000000086600000, 0x0000000086600000, 0x0000000086700000|  0%| F|  |TAMS 0x0000000086600000, 0x0000000086600000| Untracked 
|  95|0x0000000086700000, 0x0000000086700000, 0x0000000086800000|  0%| F|  |TAMS 0x0000000086700000, 0x0000000086700000| Untracked 
|  96|0x0000000086800000, 0x0000000086800000, 0x0000000086900000|  0%| F|  |TAMS 0x0000000086800000, 0x0000000086800000| Untracked 
|  97|0x0000000086900000, 0x0000000086900000, 0x0000000086a00000|  0%| F|  |TAMS 0x0000000086900000, 0x0000000086900000| Untracked 
|  98|0x0000000086a00000, 0x0000000086a00000, 0x0000000086b00000|  0%| F|  |TAMS 0x0000000086a00000, 0x0000000086a00000| Untracked 
|  99|0x0000000086b00000, 0x0000000086b00000, 0x0000000086c00000|  0%| F|  |TAMS 0x0000000086b00000, 0x0000000086b00000| Untracked 
| 100|0x0000000086c00000, 0x0000000086c00000, 0x0000000086d00000|  0%| F|  |TAMS 0x0000000086c00000, 0x0000000086c00000| Untracked 
| 101|0x0000000086d00000, 0x0000000086d00000, 0x0000000086e00000|  0%| F|  |TAMS 0x0000000086d00000, 0x0000000086d00000| Untracked 
| 102|0x0000000086e00000, 0x0000000086e00000, 0x0000000086f00000|  0%| F|  |TAMS 0x0000000086e00000, 0x0000000086e00000| Untracked 
| 103|0x0000000086f00000, 0x0000000086f00000, 0x0000000087000000|  0%| F|  |TAMS 0x0000000086f00000, 0x0000000086f00000| Untracked 
| 104|0x0000000087000000, 0x0000000087000000, 0x0000000087100000|  0%| F|  |TAMS 0x0000000087000000, 0x0000000087000000| Untracked 
| 105|0x0000000087100000, 0x0000000087100000, 0x0000000087200000|  0%| F|  |TAMS 0x0000000087100000, 0x0000000087100000| Untracked 
| 106|0x0000000087200000, 0x0000000087200000, 0x0000000087300000|  0%| F|  |TAMS 0x0000000087200000, 0x0000000087200000| Untracked 
| 107|0x0000000087300000, 0x0000000087300000, 0x0000000087400000|  0%| F|  |TAMS 0x0000000087300000, 0x0000000087300000| Untracked 
| 108|0x0000000087400000, 0x0000000087400000, 0x0000000087500000|  0%| F|  |TAMS 0x0000000087400000, 0x0000000087400000| Untracked 
| 109|0x0000000087500000, 0x0000000087500000, 0x0000000087600000|  0%| F|  |TAMS 0x0000000087500000, 0x0000000087500000| Untracked 
| 110|0x0000000087600000, 0x0000000087600000, 0x0000000087700000|  0%| F|  |TAMS 0x0000000087600000, 0x0000000087600000| Untracked 
| 111|0x0000000087700000, 0x0000000087700000, 0x0000000087800000|  0%| F|  |TAMS 0x0000000087700000, 0x0000000087700000| Untracked 
| 112|0x0000000087800000, 0x0000000087800000, 0x0000000087900000|  0%| F|  |TAMS 0x0000000087800000, 0x0000000087800000| Untracked 
| 113|0x0000000087900000, 0x0000000087900000, 0x0000000087a00000|  0%| F|  |TAMS 0x0000000087900000, 0x0000000087900000| Untracked 
| 114|0x0000000087a00000, 0x0000000087a00000, 0x0000000087b00000|  0%| F|  |TAMS 0x0000000087a00000, 0x0000000087a00000| Untracked 
| 115|0x0000000087b00000, 0x0000000087c00000, 0x0000000087c00000|100%| E|  |TAMS 0x0000000087b00000, 0x0000000087b00000| Complete 
| 116|0x0000000087c00000, 0x0000000087d00000, 0x0000000087d00000|100%| E|CS|TAMS 0x0000000087c00000, 0x0000000087c00000| Complete 
| 117|0x0000000087d00000, 0x0000000087e00000, 0x0000000087e00000|100%| E|CS|TAMS 0x0000000087d00000, 0x0000000087d00000| Complete 
| 118|0x0000000087e00000, 0x0000000087f00000, 0x0000000087f00000|100%| E|CS|TAMS 0x0000000087e00000, 0x0000000087e00000| Complete 
| 119|0x0000000087f00000, 0x0000000088000000, 0x0000000088000000|100%| E|CS|TAMS 0x0000000087f00000, 0x0000000087f00000| Complete 
| 120|0x0000000088000000, 0x0000000088100000, 0x0000000088100000|100%| E|CS|TAMS 0x0000000088000000, 0x0000000088000000| Complete 
| 121|0x0000000088100000, 0x0000000088200000, 0x0000000088200000|100%| E|CS|TAMS 0x0000000088100000, 0x0000000088100000| Complete 
| 122|0x0000000088200000, 0x0000000088300000, 0x0000000088300000|100%| E|CS|TAMS 0x0000000088200000, 0x0000000088200000| Complete 
| 123|0x0000000088300000, 0x0000000088400000, 0x0000000088400000|100%| E|CS|TAMS 0x0000000088300000, 0x0000000088300000| Complete 
| 124|0x0000000088400000, 0x0000000088500000, 0x0000000088500000|100%| E|CS|TAMS 0x0000000088400000, 0x0000000088400000| Complete 
| 125|0x0000000088500000, 0x0000000088600000, 0x0000000088600000|100%| E|CS|TAMS 0x0000000088500000, 0x0000000088500000| Complete 
| 126|0x0000000088600000, 0x0000000088700000, 0x0000000088700000|100%| E|CS|TAMS 0x0000000088600000, 0x0000000088600000| Complete 
| 127|0x0000000088700000, 0x0000000088800000, 0x0000000088800000|100%| E|CS|TAMS 0x0000000088700000, 0x0000000088700000| Complete 

Card table byte_map: [0x0000014def1b0000,0x0000014def5b0000] _byte_map_base: 0x0000014deedac000

Marking Bits (Prev, Next): (CMBitMap*) 0x0000014dd5dc20d0, (CMBitMap*) 0x0000014dd5dc2110
 Prev Bits: [0x0000014def9b0000, 0x0000014df1990000)
 Next Bits: [0x0000014df1990000, 0x0000014df3970000)

Polling page: 0x0000014dd5b70000

Metaspace:

Usage:
  Non-class:     14.64 MB capacity,    14.24 MB ( 97%) used,   392.71 KB (  3%) free+waste,    17.06 KB ( <1%) overhead. 
      Class:      1.83 MB capacity,     1.66 MB ( 91%) used,   170.20 KB (  9%) free+waste,     6.75 KB ( <1%) overhead. 
       Both:     16.48 MB capacity,    15.90 MB ( 97%) used,   562.91 KB (  3%) free+waste,    23.81 KB ( <1%) overhead. 

Virtual space:
  Non-class space:       16.00 MB reserved,      14.75 MB ( 92%) committed 
      Class space:        1.00 GB reserved,       1.88 MB ( <1%) committed 
             Both:        1.02 GB reserved,      16.62 MB (  2%) committed 

Chunk freelists:
   Non-Class:  46.00 KB
       Class:  11.00 KB
        Both:  57.00 KB

MaxMetaspaceSize: 17179869184.00 GB
CompressedClassSpaceSize: 1.00 GB

CodeHeap 'non-profiled nmethods': size=120000Kb used=2352Kb max_used=2352Kb free=117648Kb
 bounds [0x0000014de7260000, 0x0000014de74d0000, 0x0000014dee790000]
CodeHeap 'profiled nmethods': size=120000Kb used=8758Kb max_used=8758Kb free=111241Kb
 bounds [0x0000014ddfd30000, 0x0000014de05c0000, 0x0000014de7260000]
CodeHeap 'non-nmethods': size=5760Kb used=1214Kb max_used=1291Kb free=4545Kb
 bounds [0x0000014ddf790000, 0x0000014ddfa00000, 0x0000014ddfd30000]
 total_blobs=4669 nmethods=4191 adapters=389
 compilation: enabled
              stopped_count=0, restarted_count=0
 full_count=0

Compilation events (20 events):
Event: 4.093 Thread 0x0000014df5faf560 4183       1       org.eclipse.aether.util.graph.transformer.ConflictResolver$ConflictContext::setWinner (6 bytes)
Event: 4.093 Thread 0x0000014df5faf560 nmethod 4183 0x0000014de74aab10 code [0x0000014de74aaca0, 0x0000014de74aad98]
Event: 4.093 Thread 0x0000014df5faf560 4184       1       org.eclipse.aether.util.graph.transformer.ConflictResolver$ConflictContext::getWinner (5 bytes)
Event: 4.093 Thread 0x0000014df5faf560 nmethod 4184 0x0000014de74aae10 code [0x0000014de74aafa0, 0x0000014de74ab058]
Event: 4.093 Thread 0x0000014df5faf560 4179       3       java.util.Collections$SingletonSet::contains (9 bytes)
Event: 4.094 Thread 0x0000014df5faf560 nmethod 4179 0x0000014de05bc090 code [0x0000014de05bc240, 0x0000014de05bc528]
Event: 4.094 Thread 0x0000014df5faf560 4185       1       org.eclipse.aether.util.graph.transformer.ConflictResolver$ConflictContext::setScope (6 bytes)
Event: 4.094 Thread 0x0000014df5faf560 nmethod 4185 0x0000014de74ab110 code [0x0000014de74ab2a0, 0x0000014de74ab398]
Event: 4.094 Thread 0x0000014df5faf560 4186       1       org.eclipse.aether.util.graph.transformer.ConflictResolver$ConflictContext::setOptional (6 bytes)
Event: 4.094 Thread 0x0000014df5faf560 nmethod 4186 0x0000014de74ab410 code [0x0000014de74ab5a0, 0x0000014de74ab698]
Event: 4.094 Thread 0x0000014df74c95d0 nmethod 4188 0x0000014de74ab710 code [0x0000014de74ab880, 0x0000014de74ab918]
Event: 4.094 Thread 0x0000014df74c95d0 4189       4       org.eclipse.aether.util.graph.transformer.ConflictResolver$State::push (447 bytes)
Event: 4.094 Thread 0x0000014df5faf560 4190       3       org.eclipse.aether.util.graph.transformer.ConflictResolver$ConflictItem::getScopes (29 bytes)
Event: 4.094 Thread 0x0000014df5faf560 nmethod 4190 0x0000014de05bc610 code [0x0000014de05bc800, 0x0000014de05bcf18]
Event: 4.095 Thread 0x0000014df5faf560 4191       3       org.eclipse.aether.util.graph.transformer.ConflictResolver$State::scopes (55 bytes)
Event: 4.095 Thread 0x0000014df5faf560 nmethod 4191 0x0000014de05bd090 code [0x0000014de05bd280, 0x0000014de05bd8a8]
Event: 4.096 Thread 0x0000014df5faf560 4192       1       org.eclipse.aether.graph.DefaultDependencyNode::getRepositories (5 bytes)
Event: 4.096 Thread 0x0000014df5faf560 nmethod 4192 0x0000014de74aba10 code [0x0000014de74abba0, 0x0000014de74abc58]
Event: 4.096 Thread 0x0000014df5faf560 4193       1       org.eclipse.aether.internal.impl.ArtifactRequestBuilder::visitLeave (2 bytes)
Event: 4.096 Thread 0x0000014df5faf560 nmethod 4193 0x0000014de74abd10 code [0x0000014de74abea0, 0x0000014de74abf58]

GC Heap History (8 events):
Event: 0.652 GC heap before
{Heap before GC invocations=0 (full 0):
 garbage-first heap   total 131072K, used 12288K [0x0000000080800000, 0x0000000100000000)
  region size 1024K, 13 young (13312K), 0 survivors (0K)
 Metaspace       used 4168K, capacity 6443K, committed 6528K, reserved 1056768K
  class space    used 426K, capacity 637K, committed 640K, reserved 1048576K
}
Event: 0.656 GC heap after
{Heap after GC invocations=1 (full 0):
 garbage-first heap   total 131072K, used 3342K [0x0000000080800000, 0x0000000100000000)
  region size 1024K, 2 young (2048K), 2 survivors (2048K)
 Metaspace       used 4168K, capacity 6443K, committed 6528K, reserved 1056768K
  class space    used 426K, capacity 637K, committed 640K, reserved 1048576K
}
Event: 0.853 GC heap before
{Heap before GC invocations=1 (full 0):
 garbage-first heap   total 131072K, used 17678K [0x0000000080800000, 0x0000000100000000)
  region size 1024K, 16 young (16384K), 2 survivors (2048K)
 Metaspace       used 6104K, capacity 7886K, committed 8064K, reserved 1056768K
  class space    used 704K, capacity 862K, committed 896K, reserved 1048576K
}
Event: 0.856 GC heap after
{Heap after GC invocations=2 (full 0):
 garbage-first heap   total 131072K, used 4215K [0x0000000080800000, 0x0000000100000000)
  region size 1024K, 1 young (1024K), 1 survivors (1024K)
 Metaspace       used 6104K, capacity 7886K, committed 8064K, reserved 1056768K
  class space    used 704K, capacity 862K, committed 896K, reserved 1048576K
}
Event: 2.442 GC heap before
{Heap before GC invocations=2 (full 0):
 garbage-first heap   total 131072K, used 81015K [0x0000000080800000, 0x0000000100000000)
  region size 1024K, 76 young (77824K), 1 survivors (1024K)
 Metaspace       used 14103K, capacity 14797K, committed 15104K, reserved 1062912K
  class space    used 1554K, capacity 1695K, committed 1792K, reserved 1048576K
}
Event: 2.451 GC heap after
{Heap after GC invocations=3 (full 0):
 garbage-first heap   total 131072K, used 10367K [0x0000000080800000, 0x0000000100000000)
  region size 1024K, 7 young (7168K), 7 survivors (7168K)
 Metaspace       used 14103K, capacity 14797K, committed 15104K, reserved 1062912K
  class space    used 1554K, capacity 1695K, committed 1792K, reserved 1048576K
}
Event: 3.833 GC heap before
{Heap before GC invocations=3 (full 0):
 garbage-first heap   total 131072K, used 81023K [0x0000000080800000, 0x0000000100000000)
  region size 1024K, 76 young (77824K), 7 survivors (7168K)
 Metaspace       used 16197K, capacity 16797K, committed 17024K, reserved 1064960K
  class space    used 1698K, capacity 1874K, committed 1920K, reserved 1048576K
}
Event: 3.842 GC heap after
{Heap after GC invocations=4 (full 0):
 garbage-first heap   total 131072K, used 13934K [0x0000000080800000, 0x0000000100000000)
  region size 1024K, 4 young (4096K), 4 survivors (4096K)
 Metaspace       used 16197K, capacity 16797K, committed 17024K, reserved 1064960K
  class space    used 1698K, capacity 1874K, committed 1920K, reserved 1048576K
}

Deoptimization events (20 events):
Event: 4.011 Thread 0x0000014dd5d7eec0 Uncommon trap: trap_request=0xffffffd6 fr.pc=0x0000014de749b0dc relative=0x00000000000004bc
Event: 4.011 Thread 0x0000014dd5d7eec0 Uncommon trap: reason=array_check action=maybe_recompile pc=0x0000014de749b0dc method=java.util.HashMap.keysToArray([Ljava/lang/Object;)[Ljava/lang/Object; @ 62 c2
Event: 4.011 Thread 0x0000014dd5d7eec0 DEOPT PACKING pc=0x0000014de749b0dc sp=0x000000296f9fc140
Event: 4.011 Thread 0x0000014dd5d7eec0 DEOPT UNPACKING pc=0x0000014ddf7de42f sp=0x000000296f9fc0d8 mode 2
Event: 4.011 Thread 0x0000014dd5d7eec0 Uncommon trap: trap_request=0xffffffd6 fr.pc=0x0000014de749b0dc relative=0x00000000000004bc
Event: 4.011 Thread 0x0000014dd5d7eec0 Uncommon trap: reason=array_check action=maybe_recompile pc=0x0000014de749b0dc method=java.util.HashMap.keysToArray([Ljava/lang/Object;)[Ljava/lang/Object; @ 62 c2
Event: 4.011 Thread 0x0000014dd5d7eec0 DEOPT PACKING pc=0x0000014de749b0dc sp=0x000000296f9fbf40
Event: 4.011 Thread 0x0000014dd5d7eec0 DEOPT UNPACKING pc=0x0000014ddf7de42f sp=0x000000296f9fbed8 mode 2
Event: 4.011 Thread 0x0000014dd5d7eec0 Uncommon trap: trap_request=0xffffffd6 fr.pc=0x0000014de749b0dc relative=0x00000000000004bc
Event: 4.011 Thread 0x0000014dd5d7eec0 Uncommon trap: reason=array_check action=maybe_recompile pc=0x0000014de749b0dc method=java.util.HashMap.keysToArray([Ljava/lang/Object;)[Ljava/lang/Object; @ 62 c2
Event: 4.011 Thread 0x0000014dd5d7eec0 DEOPT PACKING pc=0x0000014de749b0dc sp=0x000000296f9fbf40
Event: 4.011 Thread 0x0000014dd5d7eec0 DEOPT UNPACKING pc=0x0000014ddf7de42f sp=0x000000296f9fbed8 mode 2
Event: 4.011 Thread 0x0000014dd5d7eec0 Uncommon trap: trap_request=0xffffffd6 fr.pc=0x0000014de749b0dc relative=0x00000000000004bc
Event: 4.011 Thread 0x0000014dd5d7eec0 Uncommon trap: reason=array_check action=maybe_recompile pc=0x0000014de749b0dc method=java.util.HashMap.keysToArray([Ljava/lang/Object;)[Ljava/lang/Object; @ 62 c2
Event: 4.011 Thread 0x0000014dd5d7eec0 DEOPT PACKING pc=0x0000014de749b0dc sp=0x000000296f9fbe70
Event: 4.011 Thread 0x0000014dd5d7eec0 DEOPT UNPACKING pc=0x0000014ddf7de42f sp=0x000000296f9fbe08 mode 2
Event: 4.043 Thread 0x0000014dd5d7eec0 Uncommon trap: trap_request=0xffffff45 fr.pc=0x0000014de74109a8 relative=0x0000000000005d68
Event: 4.043 Thread 0x0000014dd5d7eec0 Uncommon trap: reason=unstable_if action=reinterpret pc=0x0000014de74109a8 method=org.codehaus.plexus.interpolation.StringSearchInterpolator.interpolate(Ljava/lang/String;Lorg/codehaus/plexus/interpolation/RecursionInterceptor;Ljava/util/Set;)Ljava/lang/S
Event: 4.043 Thread 0x0000014dd5d7eec0 DEOPT PACKING pc=0x0000014de74109a8 sp=0x000000296f9fc710
Event: 4.043 Thread 0x0000014dd5d7eec0 DEOPT UNPACKING pc=0x0000014ddf7de42f sp=0x000000296f9fc710 mode 2

Classes unloaded (0 events):
No events

Classes redefined (0 events):
No events

Internal exceptions (18 events):
Event: 0.102 Thread 0x0000014df6b2dac0 Exception <a 'java/lang/NoSuchMethodError'{0x00000000886d0a18}: 'java.lang.Object java.lang.invoke.DirectMethodHandle$Holder.invokeStatic(java.lang.Object)'> (0x00000000886d0a18) 
thrown [./open/src/hotspot/share/interpreter/linkResolver.cpp, line 782]
Event: 0.102 Thread 0x0000014df6b2dac0 Exception <a 'java/lang/NoSuchMethodError'{0x00000000886d4328}: 'java.lang.Object java.lang.invoke.DirectMethodHandle$Holder.invokeStaticInit(java.lang.Object)'> (0x00000000886d4328) 
thrown [./open/src/hotspot/share/interpreter/linkResolver.cpp, line 782]
Event: 0.122 Thread 0x0000014df6b2dac0 Exception <a 'java/lang/NoSuchMethodError'{0x00000000886e1838}: 'void java.lang.invoke.DirectMethodHandle$Holder.invokeStatic(java.lang.Object, java.lang.Object)'> (0x00000000886e1838) 
thrown [./open/src/hotspot/share/interpreter/linkResolver.cpp, line 782]
Event: 0.276 Thread 0x0000014dd5d7eec0 Exception <a 'java/lang/NoSuchMethodError'{0x00000000883d0320}: 'void java.lang.invoke.DirectMethodHandle$Holder.invokeStaticInit(java.lang.Object, java.lang.Object)'> (0x00000000883d0320) 
thrown [./open/src/hotspot/share/interpreter/linkResolver.cpp, line 782]
Event: 0.294 Thread 0x0000014dd5d7eec0 Exception <a 'java/lang/NoSuchMethodError'{0x00000000883fd7f8}: 'java.lang.Object java.lang.invoke.DirectMethodHandle$Holder.invokeStaticInit(java.lang.Object, int, int, int, int)'> (0x00000000883fd7f8) 
thrown [./open/src/hotspot/share/interpreter/linkResolver.cpp, line 782]
Event: 0.396 Thread 0x0000014dd5d7eec0 Exception <a 'java/lang/NoSuchMethodError'{0x0000000088278288}: 'java.lang.Object java.lang.invoke.DirectMethodHandle$Holder.invokeStaticInit(java.lang.Object, java.lang.Object, int, int, int, int)'> (0x0000000088278288) 
thrown [./open/src/hotspot/share/interpreter/linkResolver.cpp, line 782]
Event: 0.625 Thread 0x0000014dd5d7eec0 Exception <a 'java/lang/NoSuchMethodError'{0x0000000087c7c6d0}: 'void java.lang.invoke.DirectMethodHandle$Holder.invokeSpecial(java.lang.Object, java.lang.Object, java.lang.Object)'> (0x0000000087c7c6d0) 
thrown [./open/src/hotspot/share/interpreter/linkResolver.cpp, line 782]
Event: 0.728 Thread 0x0000014dd5d7eec0 Exception <a 'java/lang/NoSuchMethodError'{0x00000000884f8c40}: 'java.lang.Object java.lang.invoke.DirectMethodHandle$Holder.newInvokeSpecial(java.lang.Object, java.lang.Object, java.lang.Object, java.lang.Object, java.lang.Object)'> (0x00000000884f8c40) 
thrown [./open/src/hotspot/share/interpreter/linkResolver.cpp, line 782]
Event: 1.445 Thread 0x0000014dd5d7eec0 Exception <a 'java/lang/NoClassDefFoundError'{0x000000008672c408}: com/google/inject/servlet/ServletModuleTargetVisitor> (0x000000008672c408) 
thrown [./open/src/hotspot/share/classfile/systemDictionary.cpp, line 284]
Event: 1.445 Thread 0x0000014dd5d7eec0 Exception <a 'java/lang/NoClassDefFoundError'{0x000000008672e0d8}: javax/annotation/Priority> (0x000000008672e0d8) 
thrown [./open/src/hotspot/share/classfile/systemDictionary.cpp, line 284]
Event: 1.659 Thread 0x0000014dd5d7eec0 Implicit null exception at 0x0000014de728bcf4 to 0x0000014de728c270
Event: 1.660 Thread 0x0000014dd5d7eec0 Implicit null exception at 0x0000014de729a6f4 to 0x0000014de729ac80
Event: 2.098 Thread 0x0000014dd5d7eec0 Implicit null exception at 0x0000014de73610e0 to 0x0000014de73625ba
Event: 2.098 Thread 0x0000014dd5d7eec0 Implicit null exception at 0x0000014de72fe60f to 0x0000014de72fe9a8
Event: 2.098 Thread 0x0000014dd5d7eec0 Implicit null exception at 0x0000014de72c912f to 0x0000014de72c91a9
Event: 2.657 Thread 0x0000014dd5d7eec0 Implicit null exception at 0x0000014de73d7341 to 0x0000014de73d7692
Event: 2.658 Thread 0x0000014dd5d7eec0 Implicit null exception at 0x0000014de72d6b0f to 0x0000014de72d6e94
Event: 3.180 Thread 0x0000014dd5d7eec0 Implicit null exception at 0x0000014de74338a0 to 0x0000014de7434344

Events (20 events):
Event: 3.169 loading class java/io/FileWriter done
Event: 3.169 Executing VM operation: HandshakeAllThreads
Event: 3.169 Executing VM operation: HandshakeAllThreads done
Event: 3.194 loading class java/net/URISyntaxException
Event: 3.194 loading class java/net/URISyntaxException done
Event: 3.197 Executing VM operation: HandshakeAllThreads
Event: 3.197 Executing VM operation: HandshakeAllThreads done
Event: 3.200 loading class jdk/internal/reflect/UnsafeBooleanFieldAccessorImpl
Event: 3.200 loading class jdk/internal/reflect/UnsafeBooleanFieldAccessorImpl done
Event: 3.503 Executing VM operation: ICBufferFull
Event: 3.503 Executing VM operation: ICBufferFull done
Event: 3.503 Executing VM operation: HandshakeAllThreads
Event: 3.504 Executing VM operation: HandshakeAllThreads done
Event: 3.633 Loaded shared library C:\Users\BM Hasanuzzaman\.jdks\openjdk-15.0.1\bin\zip.dll
Event: 3.658 loading class jdk/internal/reflect/UnsafeIntegerFieldAccessorImpl
Event: 3.658 loading class jdk/internal/reflect/UnsafeIntegerFieldAccessorImpl done
Event: 3.832 Executing VM operation: G1CollectForAllocation
Event: 3.842 Executing VM operation: G1CollectForAllocation done
Event: 3.842 Executing VM operation: HandshakeAllThreads
Event: 3.843 Executing VM operation: HandshakeAllThreads done


Dynamic libraries:
0x00007ff6be290000 - 0x00007ff6be29d000 	C:\Users\BM Hasanuzzaman\.jdks\openjdk-15.0.1\bin\java.exe
0x00007fff7e3d0000 - 0x00007fff7e5c6000 	C:\Windows\SYSTEM32\ntdll.dll
0x00007fff7d3d0000 - 0x00007fff7d48d000 	C:\Windows\System32\KERNEL32.DLL
0x00007fff7bc20000 - 0x00007fff7bee9000 	C:\Windows\System32\KERNELBASE.dll
0x00007fff7c330000 - 0x00007fff7c430000 	C:\Windows\System32\ucrtbase.dll
0x00007fff534d0000 - 0x00007fff534e9000 	C:\Users\BM Hasanuzzaman\.jdks\openjdk-15.0.1\bin\VCRUNTIME140.dll
0x00007fff52320000 - 0x00007fff52338000 	C:\Users\BM Hasanuzzaman\.jdks\openjdk-15.0.1\bin\jli.dll
0x00007fff7d560000 - 0x00007fff7d700000 	C:\Windows\System32\USER32.dll
0x00007fff7c300000 - 0x00007fff7c322000 	C:\Windows\System32\win32u.dll
0x00007fff57a50000 - 0x00007fff57ceb000 	C:\Windows\WinSxS\amd64_microsoft.windows.common-controls_6595b64144ccf1df_6.0.19041.488_none_ca04af081b815d21\COMCTL32.dll
0x00007fff7c590000 - 0x00007fff7c5ba000 	C:\Windows\System32\GDI32.dll
0x00007fff7c770000 - 0x00007fff7c80e000 	C:\Windows\System32\msvcrt.dll
0x00007fff7bb10000 - 0x00007fff7bc19000 	C:\Windows\System32\gdi32full.dll
0x00007fff7bfa0000 - 0x00007fff7c03d000 	C:\Windows\System32\msvcp_win.dll
0x00007fff7d100000 - 0x00007fff7d130000 	C:\Windows\System32\IMM32.DLL
0x00007fff5b250000 - 0x00007fff5b25c000 	C:\Users\BM Hasanuzzaman\.jdks\openjdk-15.0.1\bin\vcruntime140_1.dll
0x00007fff19a30000 - 0x00007fff19ac1000 	C:\Users\BM Hasanuzzaman\.jdks\openjdk-15.0.1\bin\msvcp140.dll
0x00007fff14c30000 - 0x00007fff1578e000 	C:\Users\BM Hasanuzzaman\.jdks\openjdk-15.0.1\bin\server\jvm.dll
0x00007fff7d830000 - 0x00007fff7d8dc000 	C:\Windows\System32\ADVAPI32.dll
0x00007fff7d320000 - 0x00007fff7d3bc000 	C:\Windows\System32\sechost.dll
0x00007fff7d700000 - 0x00007fff7d82b000 	C:\Windows\System32\RPCRT4.dll
0x00007fff7c810000 - 0x00007fff7c818000 	C:\Windows\System32\PSAPI.DLL
0x00007fff66540000 - 0x00007fff66549000 	C:\Windows\SYSTEM32\WSOCK32.dll
0x00007fff74930000 - 0x00007fff74957000 	C:\Windows\SYSTEM32\WINMM.dll
0x00007fff7c430000 - 0x00007fff7c49b000 	C:\Windows\System32\WS2_32.dll
0x00007fff75000000 - 0x00007fff7500a000 	C:\Windows\SYSTEM32\VERSION.dll
0x00007fff79a80000 - 0x00007fff79a92000 	C:\Windows\SYSTEM32\kernel.appcore.dll
0x00007fff59f00000 - 0x00007fff59f0a000 	C:\Users\BM Hasanuzzaman\.jdks\openjdk-15.0.1\bin\jimage.dll
0x00007fff71760000 - 0x00007fff71944000 	C:\Windows\SYSTEM32\DBGHELP.DLL
0x00007fff65420000 - 0x00007fff6544c000 	C:\Windows\SYSTEM32\dbgcore.DLL
0x00007fff7c120000 - 0x00007fff7c1a0000 	C:\Windows\System32\bcryptPrimitives.dll
0x00007fff77ac0000 - 0x00007fff77ace000 	C:\Users\BM Hasanuzzaman\.jdks\openjdk-15.0.1\bin\instrument.dll
0x00007fff4c850000 - 0x00007fff4c875000 	C:\Users\BM Hasanuzzaman\.jdks\openjdk-15.0.1\bin\java.dll
0x00007fff7c820000 - 0x00007fff7cf62000 	C:\Windows\System32\SHELL32.dll
0x00007fff79c80000 - 0x00007fff7a415000 	C:\Windows\SYSTEM32\windows.storage.dll
0x00007fff7d970000 - 0x00007fff7dcc6000 	C:\Windows\System32\combase.dll
0x00007fff7b580000 - 0x00007fff7b5ac000 	C:\Windows\SYSTEM32\Wldp.dll
0x00007fff7d050000 - 0x00007fff7d0fe000 	C:\Windows\System32\SHCORE.dll
0x00007fff7dd30000 - 0x00007fff7dd85000 	C:\Windows\System32\shlwapi.dll
0x00007fff7ba40000 - 0x00007fff7ba66000 	C:\Windows\SYSTEM32\profapi.dll
0x00007fff4c7d0000 - 0x00007fff4c7e8000 	C:\Users\BM Hasanuzzaman\.jdks\openjdk-15.0.1\bin\zip.dll
0x00007fff4de00000 - 0x00007fff4de19000 	C:\Users\BM Hasanuzzaman\.jdks\openjdk-15.0.1\bin\net.dll
0x00007fff736d0000 - 0x00007fff737d0000 	C:\Windows\SYSTEM32\WINHTTP.dll
0x00007fff7b300000 - 0x00007fff7b36a000 	C:\Windows\system32\mswsock.dll
0x00007fff4d2f0000 - 0x00007fff4d302000 	C:\Users\BM Hasanuzzaman\.jdks\openjdk-15.0.1\bin\nio.dll
0x00007fff77aa0000 - 0x00007fff77aba000 	C:\Users\BM Hasanuzzaman\AppData\Local\JetBrains\Toolbox\apps\IDEA-U\ch-0\203.6682.168\bin\breakgen64.dll
0x00007fff59e10000 - 0x00007fff59e20000 	C:\Users\BM Hasanuzzaman\.jdks\openjdk-15.0.1\bin\verify.dll
0x00007fff7b4e0000 - 0x00007fff7b4f8000 	C:\Windows\SYSTEM32\CRYPTSP.dll
0x00007fff7ac20000 - 0x00007fff7ac54000 	C:\Windows\system32\rsaenh.dll
0x00007fff7c0f0000 - 0x00007fff7c117000 	C:\Windows\System32\bcrypt.dll
0x00007fff7ba00000 - 0x00007fff7ba2e000 	C:\Windows\SYSTEM32\USERENV.dll
0x00007fff7b4d0000 - 0x00007fff7b4dc000 	C:\Windows\SYSTEM32\CRYPTBASE.dll
0x00007fff7afa0000 - 0x00007fff7afdb000 	C:\Windows\SYSTEM32\IPHLPAPI.DLL
0x00007fff7c580000 - 0x00007fff7c588000 	C:\Windows\System32\NSI.dll
0x00007fff74770000 - 0x00007fff74787000 	C:\Windows\SYSTEM32\dhcpcsvc6.DLL
0x00007fff74720000 - 0x00007fff7473d000 	C:\Windows\SYSTEM32\dhcpcsvc.DLL
0x00007fff7afe0000 - 0x00007fff7b0ab000 	C:\Windows\SYSTEM32\DNSAPI.dll
0x00007fff776d0000 - 0x00007fff776da000 	C:\Users\BM Hasanuzzaman\AppData\Local\Temp\jansi-1.17.1-8898158704413801239.dll
0x00007fff776c0000 - 0x00007fff776ca000 	C:\Users\BM Hasanuzzaman\AppData\Local\Temp\jansi-1.17.1-17301731814730274049.dll

dbghelp: loaded successfully - version: 4.0.5 - missing functions: none
symbol engine: initialized successfully - sym options: 0x614 - pdb path: .;C:\Users\BM Hasanuzzaman\.jdks\openjdk-15.0.1\bin;C:\Windows\SYSTEM32;C:\Windows\WinSxS\amd64_microsoft.windows.common-controls_6595b64144ccf1df_6.0.19041.488_none_ca04af081b815d21;C:\Users\BM Hasanuzzaman\.jdks\openjdk-15.0.1\bin\server;C:\Users\BM Hasanuzzaman\AppData\Local\JetBrains\Toolbox\apps\IDEA-U\ch-0\203.6682.168\bin;C:\Users\BM Hasanuzzaman\AppData\Local\Temp

VM Arguments:
jvm_args: -Dmaven.multiModuleProjectDirectory=C:\Users\BM Hasanuzzaman\Documents\GitHub\intern-11-2020-spring-angular-problem\spring-boot-rest-api -Dmaven.home=C:\Users\BM Hasanuzzaman\AppData\Local\JetBrains\Toolbox\apps\IDEA-U\ch-0\203.6682.168\plugins\maven\lib\maven3 -Dclassworlds.conf=C:\Users\BM Hasanuzzaman\AppData\Local\JetBrains\Toolbox\apps\IDEA-U\ch-0\203.6682.168\plugins\maven\lib\maven3\bin\m2.conf -Dmaven.ext.class.path=C:\Users\BM Hasanuzzaman\AppData\Local\JetBrains\Toolbox\apps\IDEA-U\ch-0\203.6682.168\plugins\maven\lib\maven-event-listener.jar -javaagent:C:\Users\BM Hasanuzzaman\AppData\Local\JetBrains\Toolbox\apps\IDEA-U\ch-0\203.6682.168\lib\idea_rt.jar=64445:C:\Users\BM Hasanuzzaman\AppData\Local\JetBrains\Toolbox\apps\IDEA-U\ch-0\203.6682.168\bin -Dfile.encoding=UTF-8 
java_command: org.codehaus.classworlds.Launcher -Didea.version=2020.3.1 spring-boot:run
java_class_path (initial): C:\Users\BM Hasanuzzaman\AppData\Local\JetBrains\Toolbox\apps\IDEA-U\ch-0\203.6682.168\plugins\maven\lib\maven3\boot\plexus-classworlds-2.6.0.jar;C:\Users\BM Hasanuzzaman\AppData\Local\JetBrains\Toolbox\apps\IDEA-U\ch-0\203.6682.168\plugins\maven\lib\maven3\boot\plexus-classworlds.license
Launcher Type: SUN_STANDARD

[Global flags]
     intx CICompilerCount                          = 3                                         {product} {ergonomic}
     uint ConcGCThreads                            = 1                                         {product} {ergonomic}
     uint G1ConcRefinementThreads                  = 4                                         {product} {ergonomic}
   size_t G1HeapRegionSize                         = 1048576                                   {product} {ergonomic}
    uintx GCDrainStackTargetSize                   = 64                                        {product} {ergonomic}
   size_t InitialHeapSize                          = 134217728                                 {product} {ergonomic}
   size_t MarkStackSize                            = 4194304                                   {product} {ergonomic}
   size_t MaxHeapSize                              = 2139095040                                {product} {ergonomic}
   size_t MaxNewSize                               = 1283457024                                {product} {ergonomic}
   size_t MinHeapDeltaBytes                        = 1048576                                   {product} {ergonomic}
   size_t MinHeapSize                              = 8388608                                   {product} {ergonomic}
    uintx NonNMethodCodeHeapSize                   = 5832780                                {pd product} {ergonomic}
    uintx NonProfiledCodeHeapSize                  = 122912730                              {pd product} {ergonomic}
    uintx ProfiledCodeHeapSize                     = 122912730                              {pd product} {ergonomic}
    uintx ReservedCodeCacheSize                    = 251658240                              {pd product} {ergonomic}
     bool SegmentedCodeCache                       = true                                      {product} {ergonomic}
   size_t SoftMaxHeapSize                          = 2139095040                             {manageable} {ergonomic}
     bool UseCompressedClassPointers               = true                                 {lp64_product} {ergonomic}
     bool UseCompressedOops                        = true                                 {lp64_product} {ergonomic}
     bool UseG1GC                                  = true                                      {product} {ergonomic}
     bool UseLargePagesIndividualAllocation        = false                                  {pd product} {ergonomic}

Logging:
Log output configuration:
 #0: stdout all=warning uptime,level,tags
 #1: stderr all=off uptime,level,tags

Environment Variables:
PATH=C:\Program Files (x86)\Common Files\Oracle\Java\javapath;C:\Windows\system32;C:\Windows;C:\Windows\System32\Wbem;C:\Windows\System32\WindowsPowerShell\v1.0\;C:\Windows\System32\OpenSSH\;C:\Program Files\nodejs\;C:\Program Files\Git\cmd;C:\Users\BM Hasanuzzaman\AppData\Local\Microsoft\WindowsApps;C:\Users\BM Hasanuzzaman\AppData\Local\GitHubDesktop\bin;C:\Users\BM Hasanuzzaman\AppData\Roaming\npm
USERNAME=BM Hasanuzzaman
OS=Windows_NT
PROCESSOR_IDENTIFIER=Intel64 Family 6 Model 158 Stepping 9, GenuineIntel



---------------  S Y S T E M  ---------------

OS:
 Windows 10 , 64 bit Build 19041 (10.0.19041.662)
OS uptime: 0 days 1:40 hours

CPU: total 4 (initial active 4) (4 cores per cpu, 1 threads per core) family 6 model 158 stepping 9 microcode 0xb4, cmov, cx8, fxsr, mmx, sse, sse2, sse3, ssse3, sse4.1, sse4.2, popcnt, vzeroupper, avx, avx2, aes, clmul, erms, 3dnowpref, lzcnt, tsc, tscinvbit, bmi1, bmi2, adx, fma, clflush, clflushopt

Memory: 4k page, system-wide physical 8155M (1834M free)
TotalPageFile size 11028M (AvailPageFile size 8M)
current process WorkingSet (physical memory assigned to process): 188M, peak: 189M
current process commit charge ("private bytes"): 263M, peak: 263M

vm_info: OpenJDK 64-Bit Server VM (15.0.1+9-18) for windows-amd64 JRE (15.0.1+9-18), built on Sep 15 2020 14:39:31 by "mach5one" with unknown MS VC++:1925

END.
