#
# There is insufficient memory for the Java Runtime Environment to continue.
# Native memory allocation (mmap) failed to map 134217728 bytes for G1 virtual space
# Possible reasons:
#   The system is out of physical RAM or swap space
#   The process is running with CompressedOops enabled, and the Java Heap may be blocking the growth of the native heap
# Possible solutions:
#   Reduce memory load on the system
#   Increase physical memory or swap space
#   Check if swap backing store is full
#   Decrease Java heap size (-Xmx/-Xms)
#   Decrease number of Java threads
#   Decrease Java thread stack sizes (-Xss)
#   Set larger code cache with -XX:ReservedCodeCacheSize=
#   JVM is running with Unscaled Compressed Oops mode in which the Java heap is
#     placed in the first 4GB address space. The Java Heap base address is the
#     maximum limit for the native heap growth. Please use -XX:HeapBaseMinAddress
#     to set the Java Heap base and to place the Java Heap above 4GB virtual address.
# This output file may be truncated or incomplete.
#
#  Out of Memory Error (./open/src/hotspot/os/windows/os_windows.cpp:3472), pid=5768, tid=8740
#
# JRE version:  (15.0.1+9) (build )
# Java VM: OpenJDK 64-Bit Server VM (15.0.1+9-18, mixed mode, sharing, tiered, compressed oops, g1 gc, windows-amd64)
# No core dump will be written. Minidumps are not enabled by default on client versions of Windows
#

---------------  S U M M A R Y ------------

Command Line: -Dmaven.multiModuleProjectDirectory=C:\Users\BM Hasanuzzaman\Documents\GitHub\intern-11-2020-spring-angular-problem\spring-boot-rest-api -Dmaven.home=C:\Users\BM Hasanuzzaman\AppData\Local\JetBrains\Toolbox\apps\IDEA-U\ch-0\203.6682.168\plugins\maven\lib\maven3 -Dclassworlds.conf=C:\Users\BM Hasanuzzaman\AppData\Local\JetBrains\Toolbox\apps\IDEA-U\ch-0\203.6682.168\plugins\maven\lib\maven3\bin\m2.conf -Dmaven.ext.class.path=C:\Users\BM Hasanuzzaman\AppData\Local\JetBrains\Toolbox\apps\IDEA-U\ch-0\203.6682.168\plugins\maven\lib\maven-event-listener.jar -javaagent:C:\Users\BM Hasanuzzaman\AppData\Local\JetBrains\Toolbox\apps\IDEA-U\ch-0\203.6682.168\lib\idea_rt.jar=55493:C:\Users\BM Hasanuzzaman\AppData\Local\JetBrains\Toolbox\apps\IDEA-U\ch-0\203.6682.168\bin -Dfile.encoding=UTF-8 org.codehaus.classworlds.Launcher -Didea.version=2020.3.1 spring-boot:run

Host: Intel(R) Core(TM) i5-7400 CPU @ 3.00GHz, 4 cores, 7G,  Windows 10 , 64 bit Build 19041 (10.0.19041.662)
Time: Wed Jan 13 00:25:25 2021 Bangladesh Standard Time elapsed time: 0.013013 seconds (0d 0h 0m 0s)

---------------  T H R E A D  ---------------

Current thread (0x000001d5a081f600):  JavaThread "Unknown thread" [_thread_in_vm, id=8740, stack(0x000000b4d7400000,0x000000b4d7500000)]

Stack: [0x000000b4d7400000,0x000000b4d7500000]
Native frames: (J=compiled Java code, j=interpreted, Vv=VM code, C=native code)
V  [jvm.dll+0x62ae9a]
V  [jvm.dll+0x781389]
V  [jvm.dll+0x782ae3]
V  [jvm.dll+0x783143]
V  [jvm.dll+0x216265]
V  [jvm.dll+0x6281d9]
V  [jvm.dll+0x61cd15]
V  [jvm.dll+0x2d01fd]
V  [jvm.dll+0x2d0062]
V  [jvm.dll+0x2d603c]
V  [jvm.dll+0x325b2a]
V  [jvm.dll+0x3251f4]
V  [jvm.dll+0x2a717a]
V  [jvm.dll+0x2a8318]
V  [jvm.dll+0x75e101]
V  [jvm.dll+0x3343e4]
V  [jvm.dll+0x73e826]
V  [jvm.dll+0x3b7777]
V  [jvm.dll+0x3b9201]
C  [jli.dll+0x52fb]
C  [ucrtbase.dll+0x214c2]
C  [KERNEL32.DLL+0x17034]
C  [ntdll.dll+0x4d0d1]


---------------  P R O C E S S  ---------------

Threads class SMR info:
_java_thread_list=0x00007ffe26c94ff0, length=0, elements={
}

Java Threads: ( => current thread )

Other Threads:
  0x000001d5a0860030 GCTaskThread "GC Thread#0" [stack: 0x000000b4d7500000,0x000000b4d7600000] [id=6832]
  0x000001d5a0872fb0 ConcurrentGCThread "G1 Main Marker" [stack: 0x000000b4d7600000,0x000000b4d7700000] [id=5696]
  0x000001d5a0873ab0 ConcurrentGCThread "G1 Conc#0" [stack: 0x000000b4d7700000,0x000000b4d7800000] [id=7952]

[error occurred during error reporting (printing all threads), id 0xc0000005, EXCEPTION_ACCESS_VIOLATION (0xc0000005) at pc=0x00007ffe26488047]

VM state: not at safepoint (not fully initialized)

VM Mutex/Monitor currently owned by a thread:  ([mutex/lock_event])
[0x000001d5a081b5e0] Heap_lock - owner thread: 0x000001d5a081f600

Heap address: 0x0000000080800000, size: 2040 MB, Compressed Oops mode: 32-bit
CDS archive(s) mapped at: [0x0000000000000000-0x0000000000000000-0x0000000000000000), size 0, SharedBaseAddress: 0x0000000800000000, ArchiveRelocationMode: 0.
Narrow klass base: 0x0000000000000000, Narrow klass shift: 0, Narrow klass range: 0x0

Heap:
 garbage-first heap   total 131072K, used 0K [0x0000000080800000, 0x0000000100000000)
  region size 1024K, 0 young (0K), 0 survivors (0K)
 Metaspace       used 0K, capacity 0K, committed 0K, reserved 0K
  class space    used 0K, capacity 0K, committed 0K, reserved 0K

Heap Regions: E=young(eden), S=young(survivor), O=old, HS=humongous(starts), HC=humongous(continues), CS=collection set, F=free, OA=open archive, CA=closed archive, TAMS=top-at-mark-start (previous, next)

Card table byte_map: [0x000001d5b7e50000,0x000001d5b8250000] _byte_map_base: 0x000001d5b7a4c000

Marking Bits (Prev, Next): (CMBitMap*) 0x000001d5a0862750, (CMBitMap*) 0x000001d5a0862790
 Prev Bits: [0x000001d5b8650000, 0x000001d5ba630000)
 Next Bits: [0x000001d5ba630000, 0x000001d5bc610000)

GC Heap History (0 events):
No events

Deoptimization events (0 events):
No events

Classes unloaded (0 events):
No events

Classes redefined (0 events):
No events

Internal exceptions (0 events):
No events

Events (1 events):
Event: 0.007 Loaded shared library C:\Users\BM Hasanuzzaman\.jdks\openjdk-15.0.1\bin\java.dll


Dynamic libraries:
0x00007ff605ed0000 - 0x00007ff605edd000 	C:\Users\BM Hasanuzzaman\.jdks\openjdk-15.0.1\bin\java.exe
0x00007ffe5a950000 - 0x00007ffe5ab46000 	C:\Windows\SYSTEM32\ntdll.dll
0x00007ffe5a200000 - 0x00007ffe5a2bd000 	C:\Windows\System32\KERNEL32.DLL
0x00007ffe580c0000 - 0x00007ffe58389000 	C:\Windows\System32\KERNELBASE.dll
0x00007ffe58670000 - 0x00007ffe58770000 	C:\Windows\System32\ucrtbase.dll
0x00007ffe52760000 - 0x00007ffe52778000 	C:\Users\BM Hasanuzzaman\.jdks\openjdk-15.0.1\bin\jli.dll
0x00007ffe59900000 - 0x00007ffe59aa0000 	C:\Windows\System32\USER32.dll
0x00007ffe58090000 - 0x00007ffe580b2000 	C:\Windows\System32\win32u.dll
0x00007ffe59780000 - 0x00007ffe597aa000 	C:\Windows\System32\GDI32.dll
0x00007ffe58560000 - 0x00007ffe58669000 	C:\Windows\System32\gdi32full.dll
0x00007ffe58410000 - 0x00007ffe584ad000 	C:\Windows\System32\msvcp_win.dll
0x00007ffe53b60000 - 0x00007ffe53b79000 	C:\Users\BM Hasanuzzaman\.jdks\openjdk-15.0.1\bin\VCRUNTIME140.dll
0x00007ffe335e0000 - 0x00007ffe3387b000 	C:\Windows\WinSxS\amd64_microsoft.windows.common-controls_6595b64144ccf1df_6.0.19041.488_none_ca04af081b815d21\COMCTL32.dll
0x00007ffe59630000 - 0x00007ffe596ce000 	C:\Windows\System32\msvcrt.dll
0x00007ffe5a2c0000 - 0x00007ffe5a2f0000 	C:\Windows\System32\IMM32.DLL
0x00007ffe53c20000 - 0x00007ffe53c2c000 	C:\Users\BM Hasanuzzaman\.jdks\openjdk-15.0.1\bin\vcruntime140_1.dll
0x00007ffe4ad90000 - 0x00007ffe4ae21000 	C:\Users\BM Hasanuzzaman\.jdks\openjdk-15.0.1\bin\msvcp140.dll
0x00007ffe261d0000 - 0x00007ffe26d2e000 	C:\Users\BM Hasanuzzaman\.jdks\openjdk-15.0.1\bin\server\jvm.dll
0x00007ffe5a700000 - 0x00007ffe5a7ac000 	C:\Windows\System32\ADVAPI32.dll
0x00007ffe597b0000 - 0x00007ffe5984c000 	C:\Windows\System32\sechost.dll
0x00007ffe59aa0000 - 0x00007ffe59bcb000 	C:\Windows\System32\RPCRT4.dll
0x00007ffe5a190000 - 0x00007ffe5a198000 	C:\Windows\System32\PSAPI.DLL
0x00007ffe3dbd0000 - 0x00007ffe3dbd9000 	C:\Windows\SYSTEM32\WSOCK32.dll
0x00007ffe5a830000 - 0x00007ffe5a89b000 	C:\Windows\System32\WS2_32.dll
0x00007ffe50b10000 - 0x00007ffe50b37000 	C:\Windows\SYSTEM32\WINMM.dll
0x00007ffe50b40000 - 0x00007ffe50b4a000 	C:\Windows\SYSTEM32\VERSION.dll
0x00007ffe55f20000 - 0x00007ffe55f32000 	C:\Windows\SYSTEM32\kernel.appcore.dll
0x00007ffe53bf0000 - 0x00007ffe53bfa000 	C:\Users\BM Hasanuzzaman\.jdks\openjdk-15.0.1\bin\jimage.dll
0x00007ffe50700000 - 0x00007ffe508e4000 	C:\Windows\SYSTEM32\DBGHELP.DLL
0x00007ffe3dda0000 - 0x00007ffe3ddcc000 	C:\Windows\SYSTEM32\dbgcore.DLL
0x00007ffe58390000 - 0x00007ffe58410000 	C:\Windows\System32\bcryptPrimitives.dll
0x00007ffe53b30000 - 0x00007ffe53b3e000 	C:\Users\BM Hasanuzzaman\.jdks\openjdk-15.0.1\bin\instrument.dll
0x00007ffe4fb00000 - 0x00007ffe4fb25000 	C:\Users\BM Hasanuzzaman\.jdks\openjdk-15.0.1\bin\java.dll

dbghelp: loaded successfully - version: 4.0.5 - missing functions: none
symbol engine: initialized successfully - sym options: 0x614 - pdb path: .;C:\Users\BM Hasanuzzaman\.jdks\openjdk-15.0.1\bin;C:\Windows\SYSTEM32;C:\Windows\WinSxS\amd64_microsoft.windows.common-controls_6595b64144ccf1df_6.0.19041.488_none_ca04af081b815d21;C:\Users\BM Hasanuzzaman\.jdks\openjdk-15.0.1\bin\server

VM Arguments:
jvm_args: -Dmaven.multiModuleProjectDirectory=C:\Users\BM Hasanuzzaman\Documents\GitHub\intern-11-2020-spring-angular-problem\spring-boot-rest-api -Dmaven.home=C:\Users\BM Hasanuzzaman\AppData\Local\JetBrains\Toolbox\apps\IDEA-U\ch-0\203.6682.168\plugins\maven\lib\maven3 -Dclassworlds.conf=C:\Users\BM Hasanuzzaman\AppData\Local\JetBrains\Toolbox\apps\IDEA-U\ch-0\203.6682.168\plugins\maven\lib\maven3\bin\m2.conf -Dmaven.ext.class.path=C:\Users\BM Hasanuzzaman\AppData\Local\JetBrains\Toolbox\apps\IDEA-U\ch-0\203.6682.168\plugins\maven\lib\maven-event-listener.jar -javaagent:C:\Users\BM Hasanuzzaman\AppData\Local\JetBrains\Toolbox\apps\IDEA-U\ch-0\203.6682.168\lib\idea_rt.jar=55493:C:\Users\BM Hasanuzzaman\AppData\Local\JetBrains\Toolbox\apps\IDEA-U\ch-0\203.6682.168\bin -Dfile.encoding=UTF-8 
java_command: org.codehaus.classworlds.Launcher -Didea.version=2020.3.1 spring-boot:run
java_class_path (initial): C:\Users\BM Hasanuzzaman\AppData\Local\JetBrains\Toolbox\apps\IDEA-U\ch-0\203.6682.168\plugins\maven\lib\maven3\boot\plexus-classworlds-2.6.0.jar;C:\Users\BM Hasanuzzaman\AppData\Local\JetBrains\Toolbox\apps\IDEA-U\ch-0\203.6682.168\plugins\maven\lib\maven3\boot\plexus-classworlds.license
Launcher Type: SUN_STANDARD

[Global flags]
     intx CICompilerCount                          = 3                                         {product} {ergonomic}
     uint ConcGCThreads                            = 1                                         {product} {ergonomic}
     uint G1ConcRefinementThreads                  = 4                                         {product} {ergonomic}
   size_t G1HeapRegionSize                         = 1048576                                   {product} {ergonomic}
    uintx GCDrainStackTargetSize                   = 64                                        {product} {ergonomic}
   size_t InitialHeapSize                          = 134217728                                 {product} {ergonomic}
   size_t MarkStackSize                            = 4194304                                   {product} {ergonomic}
   size_t MaxHeapSize                              = 2139095040                                {product} {ergonomic}
   size_t MinHeapDeltaBytes                        = 1048576                                   {product} {ergonomic}
   size_t MinHeapSize                              = 8388608                                   {product} {ergonomic}
    uintx NonNMethodCodeHeapSize                   = 5832780                                {pd product} {ergonomic}
    uintx NonProfiledCodeHeapSize                  = 122912730                              {pd product} {ergonomic}
    uintx ProfiledCodeHeapSize                     = 122912730                              {pd product} {ergonomic}
    uintx ReservedCodeCacheSize                    = 251658240                              {pd product} {ergonomic}
     bool SegmentedCodeCache                       = true                                      {product} {ergonomic}
   size_t SoftMaxHeapSize                          = 2139095040                             {manageable} {ergonomic}
     bool UseCompressedClassPointers               = true                                 {lp64_product} {ergonomic}
     bool UseCompressedOops                        = true                                 {lp64_product} {ergonomic}
     bool UseG1GC                                  = true                                      {product} {ergonomic}
     bool UseLargePagesIndividualAllocation        = false                                  {pd product} {ergonomic}

Logging:
Log output configuration:
 #0: stdout all=warning uptime,level,tags
 #1: stderr all=off uptime,level,tags

Environment Variables:
PATH=C:\Program Files (x86)\Common Files\Oracle\Java\javapath;C:\Windows\system32;C:\Windows;C:\Windows\System32\Wbem;C:\Windows\System32\WindowsPowerShell\v1.0\;C:\Windows\System32\OpenSSH\;C:\Program Files\nodejs\;C:\Program Files\Git\cmd;C:\Users\BM Hasanuzzaman\AppData\Local\Microsoft\WindowsApps;C:\Users\BM Hasanuzzaman\AppData\Local\GitHubDesktop\bin;C:\Users\BM Hasanuzzaman\AppData\Roaming\npm
USERNAME=BM Hasanuzzaman
OS=Windows_NT
PROCESSOR_IDENTIFIER=Intel64 Family 6 Model 158 Stepping 9, GenuineIntel



---------------  S Y S T E M  ---------------

OS:
 Windows 10 , 64 bit Build 19041 (10.0.19041.662)
OS uptime: 0 days 0:42 hours

CPU: total 4 (initial active 4) (4 cores per cpu, 1 threads per core) family 6 model 158 stepping 9 microcode 0xb4, cmov, cx8, fxsr, mmx, sse, sse2, sse3, ssse3, sse4.1, sse4.2, popcnt, vzeroupper, avx, avx2, aes, clmul, erms, 3dnowpref, lzcnt, tsc, tscinvbit, bmi1, bmi2, adx, fma, clflush, clflushopt

Memory: 4k page, system-wide physical 8155M (864M free)
TotalPageFile size 11028M (AvailPageFile size 6M)
current process WorkingSet (physical memory assigned to process): 10M, peak: 10M
current process commit charge ("private bytes"): 51M, peak: 179M

vm_info: OpenJDK 64-Bit Server VM (15.0.1+9-18) for windows-amd64 JRE (15.0.1+9-18), built on Sep 15 2020 14:39:31 by "mach5one" with unknown MS VC++:1925

END.
